#
# A fatal error has been detected by the Java Runtime Environment:
#
#  EXCEPTION_ACCESS_VIOLATION (0xc0000005) at pc=0x00000000700a7dc3, pid=13732, tid=0x00000000000006b8
#
# JRE version: Java(TM) SE Runtime Environment (8.0_261-b12) (build 1.8.0_261-b12)
# Java VM: Java HotSpot(TM) 64-Bit Server VM (25.261-b12 mixed mode windows-amd64 compressed oops)
# Problematic frame:
# V  [jvm.dll+0x157dc3]
#
# Failed to write core dump. Minidumps are not enabled by default on client versions of Windows
#
# If you would like to submit a bug report, please visit:
#   http://bugreport.java.com/bugreport/crash.jsp
#

---------------  T H R E A D  ---------------

Current thread (0x0000026224bf4800):  JavaThread "main" [_thread_in_vm, id=1720, stack(0x000000faba900000,0x000000fabaa00000)]

siginfo: ExceptionCode=0xc0000005, reading address 0x0000000000000000

Registers:
RAX=0x0000000000000000, RBX=0x0000026224bf4800, RCX=0x0000000000000480, RDX=0x0000000000000000
RSP=0x000000faba9ff2b0, RBP=0x0000026224bf49f8, RSI=0x0000000000000000, RDI=0x0000026226467e00
R8 =0x0000000000000000, R9 =0x0000000000000004, R10=0x0000026226479f22, R11=0x0000000070189e30
R12=0x0000000000000000, R13=0x000002623ce534a0, R14=0x0000026224bf4800, R15=0x0000026224bf4800
RIP=0x00000000700a7dc3, EFLAGS=0x0000000000010246

Top of Stack: (sp=0x000000faba9ff2b0)
0x000000faba9ff2b0:   000000faba9ff300 00000000701d0ccf
0x000000faba9ff2c0:   0000026224bf5110 000000faba9ff4d0
0x000000faba9ff2d0:   0000026224bf4800 0000000000000000
0x000000faba9ff2e0:   000000faba9ff369 0000000070134fd6
0x000000faba9ff2f0:   000000faba9ff598 0000000180001026
0x000000faba9ff300:   000002623ce534a0 000000faba9ff570
0x000000faba9ff310:   0000000000000021 0000026226467e90
0x000000faba9ff320:   0000026224bf4800 0000000180003e79
0x000000faba9ff330:   0000026224bf49f8 0000000000000000
0x000000faba9ff340:   0000026224bf4800 000000007001f6be
0x000000faba9ff350:   0000000070504158 0000005000000000
0x000000faba9ff360:   0000000000000031 0000000000000000
0x000000faba9ff370:   0000000000000000 0000026224bf5010
0x000000faba9ff380:   0000000000000031 0000000000000100
0x000000faba9ff390:   000002623ce53400 000000006ff941fa
0x000000faba9ff3a0:   000000faba9ff418 0000026224bf4800 

Instructions: (pc=0x00000000700a7dc3)
0x00000000700a7da3:   00 00 00 00 74 0a 48 8d 4c 24 20 e8 cd b3 12 00
0x00000000700a7db3:   40 f6 c6 01 74 0a 48 8b ce e8 8f 4b 0c 00 eb 03
0x00000000700a7dc3:   48 8b 06 80 3d fb df 68 00 00 74 15 8b 50 08 8b
0x00000000700a7dd3:   0d 10 bf 61 00 48 d3 e2 48 03 15 fe be 61 00 eb 


Register to memory mapping:

RAX=0x0000000000000000 is an unknown value
RBX=0x0000026224bf4800 is a thread
RCX=0x0000000000000480 is an unknown value
RDX=0x0000000000000000 is an unknown value
RSP=0x000000faba9ff2b0 is pointing into the stack for thread: 0x0000026224bf4800
RBP=0x0000026224bf49f8 is an unknown value
RSI=0x0000000000000000 is an unknown value
RDI=0x0000026226467e00 is at code_begin+896 in an Interpreter codelet
invoke return entry points  [0x0000026226467a80, 0x0000026226468460]  2528 bytes
R8 =0x0000000000000000 is an unknown value
R9 =0x0000000000000004 is an unknown value
R10=0x0000026226479f22 is at code_begin+962 in an Interpreter codelet
method entry point (kind = native)  [0x0000026226479b60, 0x000002622647a600]  2720 bytes
R11=0x0000000070189e30 is an unknown value
R12=0x0000000000000000 is an unknown value
R13={method} {0x000002623ce534a8} 'GetDeviceInfo' '(LSecuGen/FDxSDKPro/jni/SGDeviceInfoParam;)J' in 'SecuGen/FDxSDKPro/jni/JSGFPLib'
R14=0x0000026224bf4800 is a thread
R15=0x0000026224bf4800 is a thread


Stack: [0x000000faba900000,0x000000fabaa00000],  sp=0x000000faba9ff2b0,  free space=1020k
Native frames: (J=compiled Java code, j=interpreted, Vv=VM code, C=native code)
V  [jvm.dll+0x157dc3]
C  [jnisgfplib.dll+0x1026]
C  [jnisgfplib.dll+0x3e79]
C  0x0000026226479f4e

Java frames: (J=compiled Java code, j=interpreted, Vv=VM code)
j  SecuGen.FDxSDKPro.jni.JSGFPLib.GetDeviceInfo(LSecuGen/FDxSDKPro/jni/SGDeviceInfoParam;)J+0
j  SampleMain.main([Ljava/lang/String;)V+26
v  ~StubRoutines::call_stub

---------------  P R O C E S S  ---------------

Java Threads: ( => current thread )
  0x000002623ec5b000 JavaThread "JMX server connection timeout 17" daemon [_thread_blocked, id=14116, stack(0x000000fabbe00000,0x000000fabbf00000)]
  0x000002623ec4a800 JavaThread "RMI TCP Connection(2)-127.0.0.1" daemon [_thread_in_native, id=12804, stack(0x000000fabbd00000,0x000000fabbe00000)]
  0x000002623ec45800 JavaThread "RMI Scheduler(0)" daemon [_thread_blocked, id=6516, stack(0x000000fabbc00000,0x000000fabbd00000)]
  0x000002623ec2c000 JavaThread "RMI TCP Accept-0" daemon [_thread_in_native, id=15124, stack(0x000000fabba00000,0x000000fabbb00000)]
  0x000002623ec27800 JavaThread "RMI TCP Connection(1)-127.0.0.1" daemon [_thread_in_native, id=4132, stack(0x000000fabb900000,0x000000fabba00000)]
  0x000002623ec19800 JavaThread "RMI TCP Accept-51857" daemon [_thread_in_native, id=16312, stack(0x000000fabb800000,0x000000fabb900000)]
  0x000002623ec0e800 JavaThread "RMI TCP Accept-0" daemon [_thread_in_native, id=4592, stack(0x000000fabb700000,0x000000fabb800000)]
  0x000002623d828800 JavaThread "Service Thread" daemon [_thread_blocked, id=15568, stack(0x000000fabb600000,0x000000fabb700000)]
  0x000002623d7b8000 JavaThread "C1 CompilerThread2" daemon [_thread_blocked, id=14440, stack(0x000000fabb500000,0x000000fabb600000)]
  0x000002623d7b2000 JavaThread "C2 CompilerThread1" daemon [_thread_blocked, id=10312, stack(0x000000fabb400000,0x000000fabb500000)]
  0x000002623d7a8000 JavaThread "C2 CompilerThread0" daemon [_thread_blocked, id=3488, stack(0x000000fabb300000,0x000000fabb400000)]
  0x000002623d7a6800 JavaThread "Attach Listener" daemon [_thread_blocked, id=4708, stack(0x000000fabb200000,0x000000fabb300000)]
  0x000002623d7a5800 JavaThread "Signal Dispatcher" daemon [_thread_blocked, id=940, stack(0x000000fabb100000,0x000000fabb200000)]
  0x000002623d77e800 JavaThread "Finalizer" daemon [_thread_blocked, id=7792, stack(0x000000fabb000000,0x000000fabb100000)]
  0x000002623d04e000 JavaThread "Reference Handler" daemon [_thread_blocked, id=14620, stack(0x000000fabaf00000,0x000000fabb000000)]
=>0x0000026224bf4800 JavaThread "main" [_thread_in_vm, id=1720, stack(0x000000faba900000,0x000000fabaa00000)]

Other Threads:
  0x000002623d751800 VMThread [stack: 0x000000fabae00000,0x000000fabaf00000] [id=11464]
  0x000002623ec33800 WatcherThread [stack: 0x000000fabbb00000,0x000000fabbc00000] [id=11168]

VM state:not at safepoint (normal execution)

VM Mutex/Monitor currently owned by a thread: None

heap address: 0x0000000701a00000, size: 3046 MB, Compressed Oops mode: Zero based, Oop shift amount: 3
Narrow klass base: 0x0000000000000000, Narrow klass shift: 3
Compressed class space size: 1073741824 Address: 0x00000007c0000000

Heap:
 PSYoungGen      total 57344K, used 13826K [0x0000000780900000, 0x0000000784900000, 0x00000007c0000000)
  eden space 49152K, 28% used [0x0000000780900000,0x0000000781680908,0x0000000783900000)
  from space 8192K, 0% used [0x0000000784100000,0x0000000784100000,0x0000000784900000)
  to   space 8192K, 0% used [0x0000000783900000,0x0000000783900000,0x0000000784100000)
 ParOldGen       total 131072K, used 0K [0x0000000701a00000, 0x0000000709a00000, 0x0000000780900000)
  object space 131072K, 0% used [0x0000000701a00000,0x0000000701a00000,0x0000000709a00000)
 Metaspace       used 8377K, capacity 8590K, committed 8832K, reserved 1056768K
  class space    used 1041K, capacity 1112K, committed 1152K, reserved 1048576K

Card table byte_map: [0x0000026235820000,0x0000026235e20000] byte_map_base: 0x0000026232013000

Marking Bits: (ParMarkBitMap*) 0x0000000070744fb0
 Begin Bits: [0x0000026236220000, 0x00000262391b8000)
 End Bits:   [0x00000262391b8000, 0x000002623c150000)

Polling page: 0x0000026224b10000

CodeCache: size=245760Kb used=1861Kb max_used=1861Kb free=243898Kb
 bounds [0x0000026226460000, 0x00000262266d0000, 0x0000026235460000]
 total_blobs=907 nmethods=553 adapters=267
 compilation: enabled

Compilation events (10 events):
Event: 1.050 Thread 0x000002623d7b8000  544       1       sun.reflect.ClassFileAssembler::getLength (11 bytes)
Event: 1.050 Thread 0x000002623d7b8000 nmethod 544 0x000002622662b890 code [0x000002622662b9e0, 0x000002622662bb38]
Event: 1.050 Thread 0x000002623d7b8000  543       1       java.util.ArrayList::<init> (12 bytes)
Event: 1.050 Thread 0x000002623d7b8000 nmethod 543 0x000002622662bbd0 code [0x000002622662bd20, 0x000002622662be58]
Event: 1.052 Thread 0x000002623d7b8000  545       1       sun.reflect.ClassFileAssembler::incStack (11 bytes)
Event: 1.052 Thread 0x000002623d7b8000 nmethod 545 0x000002622662bed0 code [0x000002622662c020, 0x000002622662c158]
Event: 1.053 Thread 0x000002623d7b8000  546       1       java.io.ObjectOutputStream$BlockDataOutputStream::getUTFLength (124 bytes)
Event: 1.054 Thread 0x000002623d7b8000 nmethod 546 0x000002622662c1d0 code [0x000002622662c340, 0x000002622662c5d0]
Event: 1.054 Thread 0x000002623d7b8000  547       1       java.io.ObjectOutputStream$BlockDataOutputStream::writeBytes (144 bytes)
Event: 1.054 Thread 0x000002623d7b8000 nmethod 547 0x000002622662c7d0 code [0x000002622662c960, 0x000002622662cc20]

GC Heap History (0 events):
No events

Deoptimization events (0 events):
No events

Classes redefined (0 events):
No events

Internal exceptions (10 events):
Event: 0.362 Thread 0x0000026224bf4800 Exception <a 'java/security/PrivilegedActionException'> (0x0000000780ba4d80) thrown at [C:\jenkins\workspace\8-2-build-windows-amd64-cygwin\jdk8u261\295\hotspot\src\share\vm\prims\jvm.cpp, line 1512]
Event: 0.363 Thread 0x0000026224bf4800 Exception <a 'java/security/PrivilegedActionException'> (0x0000000780ba8c90) thrown at [C:\jenkins\workspace\8-2-build-windows-amd64-cygwin\jdk8u261\295\hotspot\src\share\vm\prims\jvm.cpp, line 1512]
Event: 0.363 Thread 0x0000026224bf4800 Exception <a 'java/security/PrivilegedActionException'> (0x0000000780ba8ea0) thrown at [C:\jenkins\workspace\8-2-build-windows-amd64-cygwin\jdk8u261\295\hotspot\src\share\vm\prims\jvm.cpp, line 1512]
Event: 0.881 Thread 0x0000026224bf4800 Exception <a 'java/lang/ClassNotFoundException': javax/management/remote/rmi/RMIJRMPServerImpl$ExportedWrapper_Stub> (0x0000000780d7e748) thrown at [C:\jenkins\workspace\8-2-build-windows-amd64-cygwin\jdk8u261\295\hotspot\src\share\vm\classfile\systemDict
Event: 0.925 Thread 0x0000026224bf4800 Exception <a 'java/lang/NoSuchFieldError': method resolution failed> (0x0000000780e5c208) thrown at [C:\jenkins\workspace\8-2-build-windows-amd64-cygwin\jdk8u261\295\hotspot\src\share\vm\prims\methodHandles.cpp, line 1169]
Event: 0.928 Thread 0x0000026224bf4800 Exception <a 'java/lang/NoSuchFieldError': method resolution failed> (0x0000000780e699d8) thrown at [C:\jenkins\workspace\8-2-build-windows-amd64-cygwin\jdk8u261\295\hotspot\src\share\vm\prims\methodHandles.cpp, line 1169]
Event: 1.025 Thread 0x000002623ec4a800 Exception <a 'java/lang/NoSuchMethodError': <clinit>> (0x00000007813c4d68) thrown at [C:\jenkins\workspace\8-2-build-windows-amd64-cygwin\jdk8u261\295\hotspot\src\share\vm\prims\jni.cpp, line 1615]
Event: 1.031 Thread 0x000002623ec4a800 Exception <a 'java/lang/ClassNotFoundException': javax/management/remote/rmi/RMIConnectionImpl_Skel> (0x00000007813c9ce8) thrown at [C:\jenkins\workspace\8-2-build-windows-amd64-cygwin\jdk8u261\295\hotspot\src\share\vm\classfile\systemDictionary.cpp, line
Event: 1.042 Thread 0x000002623ec4a800 Exception <a 'java/lang/reflect/InvocationTargetException'> (0x0000000781408fa0) thrown at [C:\jenkins\workspace\8-2-build-windows-amd64-cygwin\jdk8u261\295\hotspot\src\share\vm\runtime\reflection.cpp, line 1092]
Event: 1.047 Thread 0x000002623ec4a800 Exception <a 'java/lang/NoSuchMethodError': <clinit>> (0x000000078142af90) thrown at [C:\jenkins\workspace\8-2-build-windows-amd64-cygwin\jdk8u261\295\hotspot\src\share\vm\prims\jni.cpp, line 1615]

Events (10 events):
Event: 1.050 loading class java/util/stream/Stream
Event: 1.050 loading class java/util/stream/BaseStream
Event: 1.050 loading class java/util/stream/BaseStream done
Event: 1.051 loading class java/util/stream/Stream done
Event: 1.051 loading class java/util/function/Consumer
Event: 1.051 loading class java/util/function/Consumer done
Event: 1.051 loading class java/util/function/Predicate
Event: 1.051 loading class java/util/function/Predicate done
Event: 1.051 loading class java/util/function/UnaryOperator
Event: 1.051 loading class java/util/function/UnaryOperator done


Dynamic libraries:
0x00007ff61c760000 - 0x00007ff61c7a7000 	C:\Program Files\Java\jdk1.8.0_261\bin\javaw.exe
0x00007ff94dba0000 - 0x00007ff94dd90000 	C:\Windows\SYSTEM32\ntdll.dll
0x00007ff94d310000 - 0x00007ff94d3c2000 	C:\Windows\System32\KERNEL32.DLL
0x00007ff94b110000 - 0x00007ff94b3b5000 	C:\Windows\System32\KERNELBASE.dll
0x00007ff94d260000 - 0x00007ff94d303000 	C:\Windows\System32\ADVAPI32.dll
0x00007ff94bc50000 - 0x00007ff94bcee000 	C:\Windows\System32\msvcrt.dll
0x00007ff94c430000 - 0x00007ff94c4c7000 	C:\Windows\System32\sechost.dll
0x00007ff94c2b0000 - 0x00007ff94c3d0000 	C:\Windows\System32\RPCRT4.dll
0x00007ff94cf00000 - 0x00007ff94d094000 	C:\Windows\System32\USER32.dll
0x00007ff94ab50000 - 0x00007ff94ab71000 	C:\Windows\System32\win32u.dll
0x00007ff94c4d0000 - 0x00007ff94c4f6000 	C:\Windows\System32\GDI32.dll
0x00007ff94ae80000 - 0x00007ff94b016000 	C:\Windows\System32\gdi32full.dll
0x00007ff94b020000 - 0x00007ff94b0be000 	C:\Windows\System32\msvcp_win.dll
0x00007ff94b3c0000 - 0x00007ff94b4ba000 	C:\Windows\System32\ucrtbase.dll
0x00007ff949d00000 - 0x00007ff949f84000 	C:\Windows\WinSxS\amd64_microsoft.windows.common-controls_6595b64144ccf1df_6.0.18362.1198_none_9e820b57e45ad92f\COMCTL32.dll
0x00007ff94bf10000 - 0x00007ff94c245000 	C:\Windows\System32\combase.dll
0x00007ff94ada0000 - 0x00007ff94ae20000 	C:\Windows\System32\bcryptPrimitives.dll
0x00007ff94d6c0000 - 0x00007ff94d6ee000 	C:\Windows\System32\IMM32.DLL
0x00007ff92dc10000 - 0x00007ff92dc25000 	C:\Program Files\Java\jdk1.8.0_261\jre\bin\vcruntime140.dll
0x00007ff90f330000 - 0x00007ff90f3cb000 	C:\Program Files\Java\jdk1.8.0_261\jre\bin\msvcp140.dll
0x000000006ff50000 - 0x00000000707bc000 	C:\Program Files\Java\jdk1.8.0_261\jre\bin\server\jvm.dll
0x00007ff94d6b0000 - 0x00007ff94d6b8000 	C:\Windows\System32\PSAPI.DLL
0x00007ff947870000 - 0x00007ff947894000 	C:\Windows\SYSTEM32\WINMM.dll
0x00007ff936010000 - 0x00007ff936019000 	C:\Windows\SYSTEM32\WSOCK32.dll
0x00007ff94bea0000 - 0x00007ff94bf0f000 	C:\Windows\System32\WS2_32.dll
0x00007ff947840000 - 0x00007ff94786d000 	C:\Windows\SYSTEM32\WINMMBASE.dll
0x00007ff94b0c0000 - 0x00007ff94b10a000 	C:\Windows\System32\cfgmgr32.dll
0x00007ff945a70000 - 0x00007ff945a7a000 	C:\Windows\SYSTEM32\VERSION.dll
0x00007ff94aa60000 - 0x00007ff94aa71000 	C:\Windows\System32\kernel.appcore.dll
0x00007ff948e10000 - 0x00007ff948e20000 	C:\Program Files\Java\jdk1.8.0_261\jre\bin\verify.dll
0x00007ff93b6b0000 - 0x00007ff93b6db000 	C:\Program Files\Java\jdk1.8.0_261\jre\bin\java.dll
0x00007ff948bc0000 - 0x00007ff948bd8000 	C:\Program Files\Java\jdk1.8.0_261\jre\bin\zip.dll
0x00007ff94c6e0000 - 0x00007ff94cdc7000 	C:\Windows\System32\SHELL32.dll
0x00007ff94d450000 - 0x00007ff94d4f9000 	C:\Windows\System32\shcore.dll
0x00007ff94b4c0000 - 0x00007ff94bc41000 	C:\Windows\System32\windows.storage.dll
0x00007ff94aaf0000 - 0x00007ff94ab13000 	C:\Windows\System32\profapi.dll
0x00007ff94aaa0000 - 0x00007ff94aaea000 	C:\Windows\System32\powrprof.dll
0x00007ff94aa50000 - 0x00007ff94aa60000 	C:\Windows\System32\UMPDC.dll
0x00007ff94c250000 - 0x00007ff94c2a2000 	C:\Windows\System32\shlwapi.dll
0x00007ff94ac30000 - 0x00007ff94ac47000 	C:\Windows\System32\cryptsp.dll
0x00007ff948c40000 - 0x00007ff948c4d000 	C:\Program Files\Java\jdk1.8.0_261\jre\bin\management.dll
0x00007ff92e950000 - 0x00007ff92e96c000 	C:\Program Files\Java\jdk1.8.0_261\jre\bin\net.dll
0x00007ff949c40000 - 0x00007ff949ca7000 	C:\Windows\system32\mswsock.dll
0x00007ff92e3a0000 - 0x00007ff92e3b3000 	C:\Program Files\Java\jdk1.8.0_261\jre\bin\nio.dll
0x00007ff92a3d0000 - 0x00007ff92a3e6000 	C:\Windows\system32\napinsp.dll
0x00007ff92a3b0000 - 0x00007ff92a3ca000 	C:\Windows\system32\pnrpnsp.dll
0x00007ff949990000 - 0x00007ff949a5b000 	C:\Windows\SYSTEM32\DNSAPI.dll
0x00007ff94be90000 - 0x00007ff94be98000 	C:\Windows\System32\NSI.dll
0x00007ff949950000 - 0x00007ff94998a000 	C:\Windows\SYSTEM32\IPHLPAPI.DLL
0x00007ff92a3a0000 - 0x00007ff92a3ae000 	C:\Windows\System32\winrnr.dll
0x00007ff946540000 - 0x00007ff94655c000 	C:\Windows\system32\NLAapi.dll
0x00007ff943630000 - 0x00007ff943645000 	C:\Windows\system32\wshbth.dll
0x00007ff93bc40000 - 0x00007ff93bc4a000 	C:\Windows\System32\rasadhlp.dll
0x00007ff941ed0000 - 0x00007ff941f47000 	C:\Windows\System32\fwpuclnt.dll
0x00007ff94ab20000 - 0x00007ff94ab46000 	C:\Windows\System32\bcrypt.dll
0x00007ff949830000 - 0x00007ff949863000 	C:\Windows\system32\rsaenh.dll
0x00007ff94a970000 - 0x00007ff94a995000 	C:\Windows\SYSTEM32\USERENV.dll
0x00007ff94a0a0000 - 0x00007ff94a0ac000 	C:\Windows\SYSTEM32\CRYPTBASE.dll
0x00007ff942030000 - 0x00007ff942046000 	C:\Windows\SYSTEM32\dhcpcsvc6.DLL
0x00007ff942700000 - 0x00007ff94271c000 	C:\Windows\SYSTEM32\dhcpcsvc.DLL
0x0000000180000000 - 0x000000018000b000 	C:\Windows\System32\jnisgfplib.dll
0x00007ff91eed0000 - 0x00007ff91ef0c000 	C:\Windows\SYSTEM32\sgfplib.dll
0x00007ff94d6f0000 - 0x00007ff94db60000 	C:\Windows\System32\SETUPAPI.dll
0x0000000070930000 - 0x00000000709d3000 	C:\Windows\WinSxS\amd64_microsoft.vc90.crt_1fc8b3b9a1e18e3b_9.0.30729.9619_none_08e065a3a84109b0\MSVCR90.dll
0x00007ff91eeb0000 - 0x00007ff91eec8000 	C:\Windows\SYSTEM32\sgwsqlib.dll
0x00007ff94c580000 - 0x00007ff94c6d7000 	C:\Windows\System32\ole32.dll
0x00007ff94bdc0000 - 0x00007ff94be85000 	C:\Windows\System32\OLEAUT32.dll
0x00007ff9466d0000 - 0x00007ff9467c0000 	C:\Windows\SYSTEM32\PROPSYS.dll
0x00007ff9386c0000 - 0x00007ff9386f1000 	C:\Windows\SYSTEM32\winbio.dll
0x00007ff938700000 - 0x00007ff93870f000 	C:\Windows\SYSTEM32\winbioext.dll
0x00007ff8fbc70000 - 0x00007ff8fbf7b000 	C:\Windows\SYSTEM32\sgfdu05x64.dll
0x00007ff948be0000 - 0x00007ff948be7000 	C:\Windows\SYSTEM32\MSIMG32.dll
0x00007ff932820000 - 0x00007ff9328a9000 	C:\Windows\SYSTEM32\WINSPOOL.DRV
0x00007ff9483f0000 - 0x00007ff948489000 	C:\Windows\SYSTEM32\UxTheme.dll
0x00007ff92f780000 - 0x00007ff92f923000 	C:\Windows\WinSxS\amd64_microsoft.windows.gdiplus_6595b64144ccf1df_1.1.18362.1198_none_cf6cfe3d3eed52fd\gdiplus.dll
0x00007ff9433a0000 - 0x00007ff943405000 	C:\Windows\SYSTEM32\OLEACC.dll
0x0000000010000000 - 0x0000000010033000 	C:\Windows\SYSTEM32\sgfpaMX.dll
0x00007ff94a2f0000 - 0x00007ff94a4e4000 	C:\Windows\SYSTEM32\dbghelp.dll

VM Arguments:
jvm_args: -Dcom.sun.management.jmxremote -Dcom.sun.management.jmxremote.port=51857 -Dcom.sun.management.jmxremote.authenticate=false -Dcom.sun.management.jmxremote.ssl=false -Djava.rmi.server.hostname=localhost -Dspring.jmx.enabled=true -Dspring.application.admin.enabled=true -Xverify:none -XX:TieredStopAtLevel=1 -Dspring.boot.project.name=rewrite -Dfile.encoding=UTF-8 
java_command: SampleMain --spring.output.ansi.enabled=always
java_class_path (initial): C:\Users\vjcwo\OneDrive\Desktop\Re-Write\Re-Write-Back\target\classes;C:\Users\vjcwo\Downloads\Compressed\FDx SDK Pro for Windows v4.03_J1.12\FDx SDK Pro for Windows v4.03_J1.12\FDx SDK Pro for Java 1.12\FDxSDKPro.jar;C:\Users\vjcwo\.m2\repository\org\springframework\boot\spring-boot-starter-data-jpa\2.4.0\spring-boot-starter-data-jpa-2.4.0.jar;C:\Users\vjcwo\.m2\repository\org\springframework\boot\spring-boot-starter-aop\2.4.0\spring-boot-starter-aop-2.4.0.jar;C:\Users\vjcwo\.m2\repository\org\springframework\spring-aop\5.3.1\spring-aop-5.3.1.jar;C:\Users\vjcwo\.m2\repository\org\aspectj\aspectjweaver\1.9.6\aspectjweaver-1.9.6.jar;C:\Users\vjcwo\.m2\repository\org\springframework\boot\spring-boot-starter-jdbc\2.4.0\spring-boot-starter-jdbc-2.4.0.jar;C:\Users\vjcwo\.m2\repository\com\zaxxer\HikariCP\3.4.5\HikariCP-3.4.5.jar;C:\Users\vjcwo\.m2\repository\org\springframework\spring-jdbc\5.3.1\spring-jdbc-5.3.1.jar;C:\Users\vjcwo\.m2\repository\jakarta\transaction\jakarta.transaction-api\1.3.3\jakarta.transaction-api-1.3.3.jar;C:\Users\vjcwo\.m2\repository\jakarta\persistence\jakarta.persistence-api\2.2.3\jakarta.persistence-api-2.2.3.jar;C:\Users\vjcwo\.m2\repository\org\hibernate\hibernate-core\5.4.23.Final\hibernate-core-5.4.23.Final.jar;C:\Users\vjcwo\.m2\repository\org\jboss\logging\jboss-logging\3.4.1.Final\jboss-logging-3.4.1.Final.jar;C:\Users\vjcwo\.m2\repository\org\javassist\javassist\3.24.0-GA\javassist-3.24.0-GA.jar;C:\Users\vjcwo\.m2\repository\net\bytebuddy\byte-buddy\1.10.18\byte-buddy-1.10.18.jar;C:\Users\vjcwo\.m2\repository\antlr\antlr\2.7.7\antlr-2.7.7.jar;C:\Users\vjcwo\.m2\repository\org\jboss\jandex\2.1.3.Final\jandex-2.1.3.Final.jar;C:\Users\vjcwo\.m2\repository\com\fasterxml\classmate\1.5.1\classmate-1.5.1.jar;C:\Users\vjcwo\.m2\repository\org\dom4j\dom4j\2.1.3\dom4j-2.1.3.jar;C:\Users\vjcwo\.m2\repository\org\hibernate\common\hibernate-commons-annotations\5.1.2.Final\hibernate-commons-annotations-5.1.2.Final.jar;C:
Launcher Type: SUN_STANDARD

Environment Variables:
JAVA_HOME=C:\Program Files\Java\jdk1.8.0_261
PATH=C:/Program Files/Java/jdk1.8.0_261/bin/../jre/bin/server;C:/Program Files/Java/jdk1.8.0_261/bin/../jre/bin;C:/Program Files/Java/jdk1.8.0_261/bin/../jre/lib/amd64;C:\Windows\system32;C:\Windows;C:\Windows\System32\Wbem;C:\Windows\System32\WindowsPowerShell\v1.0\;C:\Windows\System32\OpenSSH\;C:\ProgramData\chocolatey\bin;C:\Program Files\Java\jdk1.8.0_261\bin;C:\Program Files\Git\cmd;C:\Program Files\nodejs\;C:\Program Files\PostgreSQL\12\bin;C:\Program Files\PostgreSQL\12\lib;C:\Users\vjcwo\AppData\Local\Microsoft\WindowsApps;C:\Users\vjcwo\AppData\Local\Programs\Microsoft VS Code\bin;C:\Program Files\Java\jdk-14.0.2\bin;C:\Program Files\Java\jdk1.8.0_261\bin;C:\Users\vjcwo\AppData\Roaming\npm;C:\Users\vjcwo\Downloads\spring-tool-suite-4-4.7.2.RELEASE-e4.16.0-win32.win32.x86_64.self-extracting\contents\sts-4.7.2.RELEASE;
USERNAME=vjcwo
OS=Windows_NT
PROCESSOR_IDENTIFIER=Intel64 Family 6 Model 42 Stepping 7, GenuineIntel



---------------  S Y S T E M  ---------------

OS: Windows 10.0 , 64 bit Build 18362 (10.0.18362.1110)

CPU:total 4 (initial active 4) (2 cores per cpu, 2 threads per core) family 6 model 42 stepping 7, cmov, cx8, fxsr, mmx, sse, sse2, sse3, ssse3, sse4.1, sse4.2, popcnt, avx, aes, clmul, ht, tsc, tscinvbit

Memory: 4k page, physical 12476184k(4307132k free), swap 14442264k(2347140k free)

vm_info: Java HotSpot(TM) 64-Bit Server VM (25.261-b12) for windows-amd64 JRE (1.8.0_261-b12), built on Jun 18 2020 06:56:32 by "" with unknown MS VC++:1916

time: Sat Nov 28 23:08:34 2020
timezone: India Standard Time
elapsed time: 1 seconds (0d 0h 0m 1s)

