#
# A fatal error has been detected by the Java Runtime Environment:
#
#  EXCEPTION_ACCESS_VIOLATION (0xc0000005) at pc=0x00000000700a7dc3, pid=8140, tid=0x0000000000002644
#
# JRE version: Java(TM) SE Runtime Environment (8.0_261-b12) (build 1.8.0_261-b12)
# Java VM: Java HotSpot(TM) 64-Bit Server VM (25.261-b12 mixed mode windows-amd64 compressed oops)
# Problematic frame:
# V  [jvm.dll+0x157dc3]
#
# Failed to write core dump. Minidumps are not enabled by default on client versions of Windows
#
# If you would like to submit a bug report, please visit:
#   http://bugreport.java.com/bugreport/crash.jsp
#

---------------  T H R E A D  ---------------

Current thread (0x0000020873f09800):  JavaThread "http-nio-8080-exec-2" daemon [_thread_in_vm, id=9796, stack(0x0000007c7ca00000,0x0000007c7cb00000)]

siginfo: ExceptionCode=0xc0000005, reading address 0x0000000000000000

Registers:
RAX=0x0000000000000000, RBX=0x0000020873f09800, RCX=0x0000000000000980, RDX=0x0000000000000000
RSP=0x0000007c7cafca30, RBP=0x0000020873f099f8, RSI=0x0000000000000000, RDI=0x000002085a867f00
R8 =0x0000000000000000, R9 =0x000000000000000b, R10=0x000002085a884c1b, R11=0x0000000070189e30
R12=0x0000000000000000, R13=0x0000020877c4cca0, R14=0x0000020873f09800, R15=0x0000020873f09800
RIP=0x00000000700a7dc3, EFLAGS=0x0000000000010246

Top of Stack: (sp=0x0000007c7cafca30)
0x0000007c7cafca30:   0000007c7cafca00 00000000701d0ccf
0x0000007c7cafca40:   000002087499a150 0000007c7cafcc50
0x0000007c7cafca50:   0000020873f09800 0000000000000000
0x0000007c7cafca60:   0000007c7cafcae9 0000000070134fd6
0x0000007c7cafca70:   0000007c7cafcd20 0000000180001026
0x0000007c7cafca80:   0000020877c4cca0 0000007c7cafccf8
0x0000007c7cafca90:   0000020875210078 000002085a867f50
0x0000007c7cafcaa0:   0000020873f09800 0000000180003e79
0x0000007c7cafcab0:   0000020873f099f8 0000000000000000
0x0000007c7cafcac0:   0000000000000022 0000020877c4cca0
0x0000007c7cafcad0:   0000000070504158 0000005000000000
0x0000007c7cafcae0:   0000000000000031 0000000000000000
0x0000007c7cafcaf0:   0000000000000000 000002087499a050
0x0000007c7cafcb00:   0000000000000031 0000000000000100
0x0000007c7cafcb10:   0000020877c4cc00 000000006ff941fa
0x0000007c7cafcb20:   0000007c7cafcb98 0000020873f09800 

Instructions: (pc=0x00000000700a7dc3)
0x00000000700a7da3:   00 00 00 00 74 0a 48 8d 4c 24 20 e8 cd b3 12 00
0x00000000700a7db3:   40 f6 c6 01 74 0a 48 8b ce e8 8f 4b 0c 00 eb 03
0x00000000700a7dc3:   48 8b 06 80 3d fb df 68 00 00 74 15 8b 50 08 8b
0x00000000700a7dd3:   0d 10 bf 61 00 48 d3 e2 48 03 15 fe be 61 00 eb 


Register to memory mapping:

RAX=0x0000000000000000 is an unknown value
RBX=0x0000020873f09800 is a thread
RCX=0x0000000000000980 is an unknown value
RDX=0x0000000000000000 is an unknown value
RSP=0x0000007c7cafca30 is pointing into the stack for thread: 0x0000020873f09800
RBP=0x0000020873f099f8 is an unknown value
RSI=0x0000000000000000 is an unknown value
RDI=0x000002085a867f00 is at code_begin+960 in an Interpreter codelet
invoke return entry points  [0x000002085a867b40, 0x000002085a868520]  2528 bytes
R8 =0x0000000000000000 is an unknown value
R9 =0x000000000000000b is an unknown value
R10=0x000002085a884c1b is at code_begin+1915 in an Interpreter codelet
method entry point (kind = native)  [0x000002085a8844a0, 0x000002085a885780]  4832 bytes
R11=0x0000000070189e30 is an unknown value
R12=0x0000000000000000 is an unknown value
R13={method} {0x0000020877c4cca8} 'GetDeviceInfo' '(LSecuGen/FDxSDKPro/jni/SGDeviceInfoParam;)J' in 'SecuGen/FDxSDKPro/jni/JSGFPLib'
R14=0x0000020873f09800 is a thread
R15=0x0000020873f09800 is a thread


Stack: [0x0000007c7ca00000,0x0000007c7cb00000],  sp=0x0000007c7cafca30,  free space=1010k
Native frames: (J=compiled Java code, j=interpreted, Vv=VM code, C=native code)
V  [jvm.dll+0x157dc3]
C  [jnisgfplib.dll+0x1026]
C  [jnisgfplib.dll+0x3e79]
C  0x000002085a884c47

Java frames: (J=compiled Java code, j=interpreted, Vv=VM code)
j  SecuGen.FDxSDKPro.jni.JSGFPLib.GetDeviceInfo(LSecuGen/FDxSDKPro/jni/SGDeviceInfoParam;)J+0
j  com.rewrite.controller.RewriteController.addFingerPrint(Lorg/springframework/http/HttpHeaders;Ljava/lang/String;)Lorg/springframework/http/ResponseEntity;+24
v  ~StubRoutines::call_stub
J 2124  sun.reflect.NativeMethodAccessorImpl.invoke0(Ljava/lang/reflect/Method;Ljava/lang/Object;[Ljava/lang/Object;)Ljava/lang/Object; (0 bytes) @ 0x000002085ad512ff [0x000002085ad51280+0x7f]
J 1860 C1 sun.reflect.NativeMethodAccessorImpl.invoke(Ljava/lang/Object;[Ljava/lang/Object;)Ljava/lang/Object; (104 bytes) @ 0x000002085acc21dc [0x000002085acc1de0+0x3fc]
J 1768 C1 sun.reflect.DelegatingMethodAccessorImpl.invoke(Ljava/lang/Object;[Ljava/lang/Object;)Ljava/lang/Object; (10 bytes) @ 0x000002085ac91084 [0x000002085ac91020+0x64]
J 1767 C1 java.lang.reflect.Method.invoke(Ljava/lang/Object;[Ljava/lang/Object;)Ljava/lang/Object; (62 bytes) @ 0x000002085ac90c5c [0x000002085ac90b20+0x13c]
j  org.springframework.web.method.support.InvocableHandlerMethod.doInvoke([Ljava/lang/Object;)Ljava/lang/Object;+32
j  org.springframework.web.method.support.InvocableHandlerMethod.invokeForRequest(Lorg/springframework/web/context/request/NativeWebRequest;Lorg/springframework/web/method/support/ModelAndViewContainer;[Ljava/lang/Object;)Ljava/lang/Object;+54
j  org.springframework.web.servlet.mvc.method.annotation.ServletInvocableHandlerMethod.invokeAndHandle(Lorg/springframework/web/context/request/ServletWebRequest;Lorg/springframework/web/method/support/ModelAndViewContainer;[Ljava/lang/Object;)V+4
j  org.springframework.web.servlet.mvc.method.annotation.RequestMappingHandlerAdapter.invokeHandlerMethod(Ljavax/servlet/http/HttpServletRequest;Ljavax/servlet/http/HttpServletResponse;Lorg/springframework/web/method/HandlerMethod;)Lorg/springframework/web/servlet/ModelAndView;+244
j  org.springframework.web.servlet.mvc.method.annotation.RequestMappingHandlerAdapter.handleInternal(Ljavax/servlet/http/HttpServletRequest;Ljavax/servlet/http/HttpServletResponse;Lorg/springframework/web/method/HandlerMethod;)Lorg/springframework/web/servlet/ModelAndView;+81
j  org.springframework.web.servlet.mvc.method.AbstractHandlerMethodAdapter.handle(Ljavax/servlet/http/HttpServletRequest;Ljavax/servlet/http/HttpServletResponse;Ljava/lang/Object;)Lorg/springframework/web/servlet/ModelAndView;+7
j  org.springframework.web.servlet.DispatcherServlet.doDispatch(Ljavax/servlet/http/HttpServletRequest;Ljavax/servlet/http/HttpServletResponse;)V+257
j  org.springframework.web.servlet.DispatcherServlet.doService(Ljavax/servlet/http/HttpServletRequest;Ljavax/servlet/http/HttpServletResponse;)V+235
j  org.springframework.web.servlet.FrameworkServlet.processRequest(Ljavax/servlet/http/HttpServletRequest;Ljavax/servlet/http/HttpServletResponse;)V+71
j  org.springframework.web.servlet.FrameworkServlet.doPost(Ljavax/servlet/http/HttpServletRequest;Ljavax/servlet/http/HttpServletResponse;)V+3
j  javax.servlet.http.HttpServlet.service(Ljavax/servlet/http/HttpServletRequest;Ljavax/servlet/http/HttpServletResponse;)V+149
j  org.springframework.web.servlet.FrameworkServlet.service(Ljavax/servlet/http/HttpServletRequest;Ljavax/servlet/http/HttpServletResponse;)V+33
j  javax.servlet.http.HttpServlet.service(Ljavax/servlet/ServletRequest;Ljavax/servlet/ServletResponse;)V+36
j  org.apache.catalina.core.ApplicationFilterChain.internalDoFilter(Ljavax/servlet/ServletRequest;Ljavax/servlet/ServletResponse;)V+304
j  org.apache.catalina.core.ApplicationFilterChain.doFilter(Ljavax/servlet/ServletRequest;Ljavax/servlet/ServletResponse;)V+101
j  org.apache.tomcat.websocket.server.WsFilter.doFilter(Ljavax/servlet/ServletRequest;Ljavax/servlet/ServletResponse;Ljavax/servlet/FilterChain;)V+21
j  org.apache.catalina.core.ApplicationFilterChain.internalDoFilter(Ljavax/servlet/ServletRequest;Ljavax/servlet/ServletResponse;)V+135
j  org.apache.catalina.core.ApplicationFilterChain.doFilter(Ljavax/servlet/ServletRequest;Ljavax/servlet/ServletResponse;)V+101
j  org.springframework.web.filter.RequestContextFilter.doFilterInternal(Ljavax/servlet/http/HttpServletRequest;Ljavax/servlet/http/HttpServletResponse;Ljavax/servlet/FilterChain;)V+21
j  org.springframework.web.filter.OncePerRequestFilter.doFilter(Ljavax/servlet/ServletRequest;Ljavax/servlet/ServletResponse;Ljavax/servlet/FilterChain;)V+147
j  org.apache.catalina.core.ApplicationFilterChain.internalDoFilter(Ljavax/servlet/ServletRequest;Ljavax/servlet/ServletResponse;)V+135
j  org.apache.catalina.core.ApplicationFilterChain.doFilter(Ljavax/servlet/ServletRequest;Ljavax/servlet/ServletResponse;)V+101
j  org.springframework.web.filter.FormContentFilter.doFilterInternal(Ljavax/servlet/http/HttpServletRequest;Ljavax/servlet/http/HttpServletResponse;Ljavax/servlet/FilterChain;)V+38
j  org.springframework.web.filter.OncePerRequestFilter.doFilter(Ljavax/servlet/ServletRequest;Ljavax/servlet/ServletResponse;Ljavax/servlet/FilterChain;)V+147
j  org.apache.catalina.core.ApplicationFilterChain.internalDoFilter(Ljavax/servlet/ServletRequest;Ljavax/servlet/ServletResponse;)V+135
j  org.apache.catalina.core.ApplicationFilterChain.doFilter(Ljavax/servlet/ServletRequest;Ljavax/servlet/ServletResponse;)V+101
j  org.springframework.web.filter.CharacterEncodingFilter.doFilterInternal(Ljavax/servlet/http/HttpServletRequest;Ljavax/servlet/http/HttpServletResponse;Ljavax/servlet/FilterChain;)V+53
j  org.springframework.web.filter.OncePerRequestFilter.doFilter(Ljavax/servlet/ServletRequest;Ljavax/servlet/ServletResponse;Ljavax/servlet/FilterChain;)V+147
j  org.apache.catalina.core.ApplicationFilterChain.internalDoFilter(Ljavax/servlet/ServletRequest;Ljavax/servlet/ServletResponse;)V+135
j  org.apache.catalina.core.ApplicationFilterChain.doFilter(Ljavax/servlet/ServletRequest;Ljavax/servlet/ServletResponse;)V+101
j  org.apache.catalina.core.StandardWrapperValve.invoke(Lorg/apache/catalina/connector/Request;Lorg/apache/catalina/connector/Response;)V+694
j  org.apache.catalina.core.StandardContextValve.invoke(Lorg/apache/catalina/connector/Request;Lorg/apache/catalina/connector/Response;)V+169
j  org.apache.catalina.authenticator.AuthenticatorBase.invoke(Lorg/apache/catalina/connector/Request;Lorg/apache/catalina/connector/Response;)V+260
j  org.apache.catalina.core.StandardHostValve.invoke(Lorg/apache/catalina/connector/Request;Lorg/apache/catalina/connector/Response;)V+128
j  org.apache.catalina.valves.ErrorReportValve.invoke(Lorg/apache/catalina/connector/Request;Lorg/apache/catalina/connector/Response;)V+6
j  org.apache.catalina.core.StandardEngineValve.invoke(Lorg/apache/catalina/connector/Request;Lorg/apache/catalina/connector/Response;)V+59
j  org.apache.catalina.connector.CoyoteAdapter.service(Lorg/apache/coyote/Request;Lorg/apache/coyote/Response;)V+199
j  org.apache.coyote.http11.Http11Processor.service(Lorg/apache/tomcat/util/net/SocketWrapperBase;)Lorg/apache/tomcat/util/net/AbstractEndpoint$Handler$SocketState;+735
j  org.apache.coyote.AbstractProcessorLight.process(Lorg/apache/tomcat/util/net/SocketWrapperBase;Lorg/apache/tomcat/util/net/SocketEvent;)Lorg/apache/tomcat/util/net/AbstractEndpoint$Handler$SocketState;+170
j  org.apache.coyote.AbstractProtocol$ConnectionHandler.process(Lorg/apache/tomcat/util/net/SocketWrapperBase;Lorg/apache/tomcat/util/net/SocketEvent;)Lorg/apache/tomcat/util/net/AbstractEndpoint$Handler$SocketState;+505
j  org.apache.tomcat.util.net.NioEndpoint$SocketProcessor.doRun()V+214
j  org.apache.tomcat.util.net.SocketProcessorBase.run()V+21
j  java.util.concurrent.ThreadPoolExecutor.runWorker(Ljava/util/concurrent/ThreadPoolExecutor$Worker;)V+95
j  java.util.concurrent.ThreadPoolExecutor$Worker.run()V+5
j  org.apache.tomcat.util.threads.TaskThread$WrappingRunnable.run()V+4
j  java.lang.Thread.run()V+11
v  ~StubRoutines::call_stub

---------------  P R O C E S S  ---------------

Java Threads: ( => current thread )
  0x0000020873f0b000 JavaThread "DestroyJavaVM" [_thread_blocked, id=6644, stack(0x0000007c7a700000,0x0000007c7a800000)]
  0x0000020873f0a800 JavaThread "task-2" [_thread_blocked, id=14576, stack(0x0000007c7d500000,0x0000007c7d600000)]
  0x0000020873f10800 JavaThread "http-nio-8080-Acceptor" daemon [_thread_in_native, id=14288, stack(0x0000007c7d400000,0x0000007c7d500000)]
  0x0000020873f11000 JavaThread "http-nio-8080-ClientPoller" daemon [_thread_in_native, id=10416, stack(0x0000007c7d300000,0x0000007c7d400000)]
  0x0000020873f0f800 JavaThread "http-nio-8080-exec-10" daemon [_thread_blocked, id=15284, stack(0x0000007c7d200000,0x0000007c7d300000)]
  0x0000020873f0e000 JavaThread "http-nio-8080-exec-9" daemon [_thread_blocked, id=5288, stack(0x0000007c7d100000,0x0000007c7d200000)]
  0x0000020873f0f000 JavaThread "http-nio-8080-exec-8" daemon [_thread_blocked, id=7192, stack(0x0000007c7d000000,0x0000007c7d100000)]
  0x0000020873f0c000 JavaThread "http-nio-8080-exec-7" daemon [_thread_blocked, id=11980, stack(0x0000007c7cf00000,0x0000007c7d000000)]
  0x0000020873f09000 JavaThread "http-nio-8080-exec-6" daemon [_thread_blocked, id=15128, stack(0x0000007c7ce00000,0x0000007c7cf00000)]
  0x0000020873f07800 JavaThread "http-nio-8080-exec-5" daemon [_thread_blocked, id=9164, stack(0x0000007c7cd00000,0x0000007c7ce00000)]
  0x0000020873f06800 JavaThread "http-nio-8080-exec-4" daemon [_thread_blocked, id=13796, stack(0x0000007c7cc00000,0x0000007c7cd00000)]
  0x0000020873f08000 JavaThread "http-nio-8080-exec-3" daemon [_thread_blocked, id=15260, stack(0x0000007c7cb00000,0x0000007c7cc00000)]
=>0x0000020873f09800 JavaThread "http-nio-8080-exec-2" daemon [_thread_in_vm, id=9796, stack(0x0000007c7ca00000,0x0000007c7cb00000)]
  0x00000208744ef800 JavaThread "http-nio-8080-exec-1" daemon [_thread_blocked, id=12976, stack(0x0000007c7c900000,0x0000007c7ca00000)]
  0x00000208744ef000 JavaThread "http-nio-8080-BlockPoller" daemon [_thread_in_native, id=11672, stack(0x0000007c7c800000,0x0000007c7c900000)]
  0x00000208744f5000 JavaThread "HikariPool-1 housekeeper" daemon [_thread_blocked, id=16188, stack(0x0000007c7c600000,0x0000007c7c700000)]
  0x00000208744f2800 JavaThread "PostgreSQL-JDBC-SharedTimer-1" daemon [_thread_blocked, id=14632, stack(0x0000007c7c500000,0x0000007c7c600000)]
  0x00000208744f1000 JavaThread "task-1" [_thread_blocked, id=10032, stack(0x0000007c7c300000,0x0000007c7c400000)]
  0x00000208744f3800 JavaThread "container-0" [_thread_blocked, id=2444, stack(0x0000007c7c200000,0x0000007c7c300000)]
  0x00000208744f2000 JavaThread "Catalina-utility-2" [_thread_blocked, id=14824, stack(0x0000007c7c100000,0x0000007c7c200000)]
  0x00000208744f4000 JavaThread "Catalina-utility-1" [_thread_blocked, id=14996, stack(0x0000007c7c000000,0x0000007c7c100000)]
  0x0000020873374800 JavaThread "JMX server connection timeout 20" daemon [_thread_blocked, id=10876, stack(0x0000007c7bf00000,0x0000007c7c000000)]
  0x0000020873364800 JavaThread "RMI TCP Connection(2)-127.0.0.1" daemon [_thread_in_native, id=6636, stack(0x0000007c7be00000,0x0000007c7bf00000)]
  0x0000020873354000 JavaThread "RMI Scheduler(0)" daemon [_thread_blocked, id=4560, stack(0x0000007c7bd00000,0x0000007c7be00000)]
  0x0000020873345000 JavaThread "RMI TCP Connection(1)-127.0.0.1" daemon [_thread_in_native, id=10732, stack(0x0000007c7bc00000,0x0000007c7bd00000)]
  0x0000020873126000 JavaThread "RMI TCP Accept-0" daemon [_thread_in_native, id=2272, stack(0x0000007c7ba00000,0x0000007c7bb00000)]
  0x00000208730da800 JavaThread "RMI TCP Accept-51400" daemon [_thread_in_native, id=11296, stack(0x0000007c7b900000,0x0000007c7ba00000)]
  0x00000208730cf000 JavaThread "RMI TCP Accept-0" daemon [_thread_in_native, id=14712, stack(0x0000007c7b800000,0x0000007c7b900000)]
  0x0000020872e62800 JavaThread "Service Thread" daemon [_thread_blocked, id=12704, stack(0x0000007c7b700000,0x0000007c7b800000)]
  0x0000020872de7800 JavaThread "C1 CompilerThread2" daemon [_thread_blocked, id=12628, stack(0x0000007c7b600000,0x0000007c7b700000)]
  0x0000020872de6000 JavaThread "C2 CompilerThread1" daemon [_thread_blocked, id=9568, stack(0x0000007c7b500000,0x0000007c7b600000)]
  0x0000020872de5000 JavaThread "C2 CompilerThread0" daemon [_thread_blocked, id=14580, stack(0x0000007c7b400000,0x0000007c7b500000)]
  0x000002087157d000 JavaThread "JDWP Command Reader" daemon [_thread_in_native, id=12836, stack(0x0000007c7b300000,0x0000007c7b400000)]
  0x0000020871577000 JavaThread "JDWP Event Helper Thread" daemon [_thread_blocked, id=10092, stack(0x0000007c7b200000,0x0000007c7b300000)]
  0x0000020871570000 JavaThread "JDWP Transport Listener: dt_socket" daemon [_thread_blocked, id=6740, stack(0x0000007c7b100000,0x0000007c7b200000)]
  0x0000020871551800 JavaThread "Attach Listener" daemon [_thread_blocked, id=1448, stack(0x0000007c7b000000,0x0000007c7b100000)]
  0x0000020871550800 JavaThread "Signal Dispatcher" daemon [_thread_blocked, id=15540, stack(0x0000007c7af00000,0x0000007c7b000000)]
  0x0000020871529000 JavaThread "Finalizer" daemon [_thread_blocked, id=10988, stack(0x0000007c7ae00000,0x0000007c7af00000)]
  0x000002087151f800 JavaThread "Reference Handler" daemon [_thread_blocked, id=10920, stack(0x0000007c7ad00000,0x0000007c7ae00000)]

Other Threads:
  0x00000208714f7000 VMThread [stack: 0x0000007c7ac00000,0x0000007c7ad00000] [id=13916]
  0x000002087312d800 WatcherThread [stack: 0x0000007c7bb00000,0x0000007c7bc00000] [id=16300]

VM state:not at safepoint (normal execution)

VM Mutex/Monitor currently owned by a thread: None

heap address: 0x0000000701a00000, size: 3046 MB, Compressed Oops mode: Zero based, Oop shift amount: 3
Narrow klass base: 0x0000000000000000, Narrow klass shift: 3
Compressed class space size: 1073741824 Address: 0x00000007c0000000

Heap:
 PSYoungGen      total 329728K, used 257187K [0x0000000780900000, 0x0000000797780000, 0x00000007c0000000)
  eden space 317952K, 80% used [0x0000000780900000,0x0000000790428d38,0x0000000793f80000)
  from space 11776K, 0% used [0x0000000794a80000,0x0000000794a80000,0x0000000795600000)
  to   space 11264K, 0% used [0x0000000793f80000,0x0000000793f80000,0x0000000794a80000)
 ParOldGen       total 86528K, used 13089K [0x0000000701a00000, 0x0000000706e80000, 0x0000000780900000)
  object space 86528K, 15% used [0x0000000701a00000,0x00000007026c8658,0x0000000706e80000)
 Metaspace       used 49170K, capacity 52256K, committed 52352K, reserved 1093632K
  class space    used 6784K, capacity 7275K, committed 7296K, reserved 1048576K

Card table byte_map: [0x0000020869c20000,0x000002086a220000] byte_map_base: 0x0000020866413000

Marking Bits: (ParMarkBitMap*) 0x0000000070744fb0
 Begin Bits: [0x000002086a620000, 0x000002086d5b8000)
 End Bits:   [0x000002086d5b8000, 0x0000020870550000)

Polling page: 0x0000020858f50000

CodeCache: size=245760Kb used=8049Kb max_used=8072Kb free=237710Kb
 bounds [0x000002085a860000, 0x000002085b050000, 0x0000020869860000]
 total_blobs=4425 nmethods=3919 adapters=425
 compilation: enabled

Compilation events (10 events):
Event: 14.260 Thread 0x0000020872de7800 3972       1       org.apache.tomcat.util.buf.Ascii::toLower (14 bytes)
Event: 14.260 Thread 0x0000020872de7800 nmethod 3972 0x000002085af46890 code [0x000002085af469e0, 0x000002085af46b18]
Event: 14.260 Thread 0x0000020872de7800 3973       1       org.apache.tomcat.util.http.MimeHeaderField::getName (5 bytes)
Event: 14.260 Thread 0x0000020872de7800 nmethod 3973 0x000002085aed4590 code [0x000002085aed46e0, 0x000002085aed47f8]
Event: 14.260 Thread 0x0000020872de7800 3974   !   1       java.nio.charset.CharsetDecoder::decode (287 bytes)
Event: 14.262 Thread 0x0000020872de7800 nmethod 3974 0x000002085aeefc50 code [0x000002085aeefe60, 0x000002085aef0520]
Event: 14.270 Thread 0x0000020872de7800 3975       1       org.apache.tomcat.util.buf.MessageBytes::equalsIgnoreCase (78 bytes)
Event: 14.270 Thread 0x0000020872de7800 nmethod 3975 0x000002085af46390 code [0x000002085af46520, 0x000002085af46750]
Event: 14.270 Thread 0x0000020872de7800 3976       1       org.apache.tomcat.util.buf.ByteChunk::equalsIgnoreCase (76 bytes)
Event: 14.271 Thread 0x0000020872de7800 nmethod 3976 0x000002085aecfad0 code [0x000002085aecfc60, 0x000002085aecff70]

GC Heap History (10 events):
Event: 2.842 GC heap before
{Heap before GC invocations=6 (full 1):
 PSYoungGen      total 106496K, used 5694K [0x0000000780900000, 0x000000078d900000, 0x00000007c0000000)
  eden space 98304K, 0% used [0x0000000780900000,0x0000000780900000,0x0000000786900000)
  from space 8192K, 69% used [0x0000000786900000,0x0000000786e8f950,0x0000000787100000)
  to   space 8192K, 0% used [0x000000078d100000,0x000000078d100000,0x000000078d900000)
 ParOldGen       total 131072K, used 40K [0x0000000701a00000, 0x0000000709a00000, 0x0000000780900000)
  object space 131072K, 0% used [0x0000000701a00000,0x0000000701a0a000,0x0000000709a00000)
 Metaspace       used 20366K, capacity 21156K, committed 21248K, reserved 1067008K
  class space    used 2588K, capacity 2776K, committed 2816K, reserved 1048576K
Event: 2.885 GC heap after
Heap after GC invocations=6 (full 1):
 PSYoungGen      total 106496K, used 0K [0x0000000780900000, 0x000000078d900000, 0x00000007c0000000)
  eden space 98304K, 0% used [0x0000000780900000,0x0000000780900000,0x0000000786900000)
  from space 8192K, 0% used [0x0000000786900000,0x0000000786900000,0x0000000787100000)
  to   space 8192K, 0% used [0x000000078d100000,0x000000078d100000,0x000000078d900000)
 ParOldGen       total 62464K, used 5578K [0x0000000701a00000, 0x0000000705700000, 0x0000000780900000)
  object space 62464K, 8% used [0x0000000701a00000,0x0000000701f72b78,0x0000000705700000)
 Metaspace       used 20366K, capacity 21156K, committed 21248K, reserved 1067008K
  class space    used 2588K, capacity 2776K, committed 2816K, reserved 1048576K
}
Event: 4.014 GC heap before
{Heap before GC invocations=7 (full 1):
 PSYoungGen      total 106496K, used 98304K [0x0000000780900000, 0x000000078d900000, 0x00000007c0000000)
  eden space 98304K, 100% used [0x0000000780900000,0x0000000786900000,0x0000000786900000)
  from space 8192K, 0% used [0x0000000786900000,0x0000000786900000,0x0000000787100000)
  to   space 8192K, 0% used [0x000000078d100000,0x000000078d100000,0x000000078d900000)
 ParOldGen       total 62464K, used 5578K [0x0000000701a00000, 0x0000000705700000, 0x0000000780900000)
  object space 62464K, 8% used [0x0000000701a00000,0x0000000701f72b78,0x0000000705700000)
 Metaspace       used 24121K, capacity 25408K, committed 25472K, reserved 1071104K
  class space    used 3168K, capacity 3450K, committed 3456K, reserved 1048576K
Event: 4.023 GC heap after
Heap after GC invocations=7 (full 1):
 PSYoungGen      total 186368K, used 7420K [0x0000000780900000, 0x000000078d880000, 0x00000007c0000000)
  eden space 178688K, 0% used [0x0000000780900000,0x0000000780900000,0x000000078b780000)
  from space 7680K, 96% used [0x000000078d100000,0x000000078d83f0e8,0x000000078d880000)
  to   space 8704K, 0% used [0x000000078c780000,0x000000078c780000,0x000000078d000000)
 ParOldGen       total 62464K, used 5586K [0x0000000701a00000, 0x0000000705700000, 0x0000000780900000)
  object space 62464K, 8% used [0x0000000701a00000,0x0000000701f74b78,0x0000000705700000)
 Metaspace       used 24121K, capacity 25408K, committed 25472K, reserved 1071104K
  class space    used 3168K, capacity 3450K, committed 3456K, reserved 1048576K
}
Event: 5.820 GC heap before
{Heap before GC invocations=8 (full 1):
 PSYoungGen      total 186368K, used 186108K [0x0000000780900000, 0x000000078d880000, 0x00000007c0000000)
  eden space 178688K, 100% used [0x0000000780900000,0x000000078b780000,0x000000078b780000)
  from space 7680K, 96% used [0x000000078d100000,0x000000078d83f0e8,0x000000078d880000)
  to   space 8704K, 0% used [0x000000078c780000,0x000000078c780000,0x000000078d000000)
 ParOldGen       total 62464K, used 5586K [0x0000000701a00000, 0x0000000705700000, 0x0000000780900000)
  object space 62464K, 8% used [0x0000000701a00000,0x0000000701f74b78,0x0000000705700000)
 Metaspace       used 32350K, capacity 34308K, committed 34432K, reserved 1079296K
  class space    used 4327K, capacity 4698K, committed 4736K, reserved 1048576K
Event: 5.837 GC heap after
Heap after GC invocations=8 (full 1):
 PSYoungGen      total 203776K, used 8674K [0x0000000780900000, 0x0000000795600000, 0x00000007c0000000)
  eden space 195072K, 0% used [0x0000000780900000,0x0000000780900000,0x000000078c780000)
  from space 8704K, 99% used [0x000000078c780000,0x000000078cff88c8,0x000000078d000000)
  to   space 11776K, 0% used [0x0000000794a80000,0x0000000794a80000,0x0000000795600000)
 ParOldGen       total 62464K, used 9954K [0x0000000701a00000, 0x0000000705700000, 0x0000000780900000)
  object space 62464K, 15% used [0x0000000701a00000,0x00000007023b8b60,0x0000000705700000)
 Metaspace       used 32350K, capacity 34308K, committed 34432K, reserved 1079296K
  class space    used 4327K, capacity 4698K, committed 4736K, reserved 1048576K
}
Event: 5.997 GC heap before
{Heap before GC invocations=9 (full 1):
 PSYoungGen      total 203776K, used 27345K [0x0000000780900000, 0x0000000795600000, 0x00000007c0000000)
  eden space 195072K, 9% used [0x0000000780900000,0x0000000781b3bd40,0x000000078c780000)
  from space 8704K, 99% used [0x000000078c780000,0x000000078cff88c8,0x000000078d000000)
  to   space 11776K, 0% used [0x0000000794a80000,0x0000000794a80000,0x0000000795600000)
 ParOldGen       total 62464K, used 9954K [0x0000000701a00000, 0x0000000705700000, 0x0000000780900000)
  object space 62464K, 15% used [0x0000000701a00000,0x00000007023b8b60,0x0000000705700000)
 Metaspace       used 33206K, capacity 35336K, committed 35416K, reserved 1079296K
  class space    used 4489K, capacity 4852K, committed 4864K, reserved 1048576K
Event: 6.014 GC heap after
Heap after GC invocations=9 (full 1):
 PSYoungGen      total 329728K, used 8147K [0x0000000780900000, 0x0000000797780000, 0x00000007c0000000)
  eden space 317952K, 0% used [0x0000000780900000,0x0000000780900000,0x0000000793f80000)
  from space 11776K, 69% used [0x0000000794a80000,0x0000000795274e60,0x0000000795600000)
  to   space 11264K, 0% used [0x0000000793f80000,0x0000000793f80000,0x0000000794a80000)
 ParOldGen       total 62464K, used 9962K [0x0000000701a00000, 0x0000000705700000, 0x0000000780900000)
  object space 62464K, 15% used [0x0000000701a00000,0x00000007023bab60,0x0000000705700000)
 Metaspace       used 33206K, capacity 35336K, committed 35416K, reserved 1079296K
  class space    used 4489K, capacity 4852K, committed 4864K, reserved 1048576K
}
Event: 6.014 GC heap before
{Heap before GC invocations=10 (full 2):
 PSYoungGen      total 329728K, used 8147K [0x0000000780900000, 0x0000000797780000, 0x00000007c0000000)
  eden space 317952K, 0% used [0x0000000780900000,0x0000000780900000,0x0000000793f80000)
  from space 11776K, 69% used [0x0000000794a80000,0x0000000795274e60,0x0000000795600000)
  to   space 11264K, 0% used [0x0000000793f80000,0x0000000793f80000,0x0000000794a80000)
 ParOldGen       total 62464K, used 9962K [0x0000000701a00000, 0x0000000705700000, 0x0000000780900000)
  object space 62464K, 15% used [0x0000000701a00000,0x00000007023bab60,0x0000000705700000)
 Metaspace       used 33206K, capacity 35336K, committed 35416K, reserved 1079296K
  class space    used 4489K, capacity 4852K, committed 4864K, reserved 1048576K
Event: 6.097 GC heap after
Heap after GC invocations=10 (full 2):
 PSYoungGen      total 329728K, used 0K [0x0000000780900000, 0x0000000797780000, 0x00000007c0000000)
  eden space 317952K, 0% used [0x0000000780900000,0x0000000780900000,0x0000000793f80000)
  from space 11776K, 0% used [0x0000000794a80000,0x0000000794a80000,0x0000000795600000)
  to   space 11264K, 0% used [0x0000000793f80000,0x0000000793f80000,0x0000000794a80000)
 ParOldGen       total 86528K, used 13089K [0x0000000701a00000, 0x0000000706e80000, 0x0000000780900000)
  object space 86528K, 15% used [0x0000000701a00000,0x00000007026c8658,0x0000000706e80000)
 Metaspace       used 33206K, capacity 35336K, committed 35416K, reserved 1079296K
  class space    used 4489K, capacity 4852K, committed 4864K, reserved 1048576K
}

Deoptimization events (0 events):
No events

Classes redefined (0 events):
No events

Internal exceptions (10 events):
Event: 8.934 Thread 0x0000020858e4d000 Exception <a 'java/lang/reflect/InvocationTargetException'> (0x000000078ded5b10) thrown at [C:\jenkins\workspace\8-2-build-windows-amd64-cygwin\jdk8u261\295\hotspot\src\share\vm\runtime\reflection.cpp, line 1092]
Event: 8.961 Thread 0x0000020858e4d000 Exception <a 'java/lang/IncompatibleClassChangeError': Found class java.lang.Object, but interface was expected> (0x000000078e064098) thrown at [C:\jenkins\workspace\8-2-build-windows-amd64-cygwin\jdk8u261\295\hotspot\src\share\vm\interpreter\linkResolver
Event: 9.021 Thread 0x0000020858e4d000 Exception <a 'java/lang/ArrayIndexOutOfBoundsException'> (0x000000078e5d8140) thrown at [C:\jenkins\workspace\8-2-build-windows-amd64-cygwin\jdk8u261\295\hotspot\src\share\vm\runtime\sharedRuntime.cpp, line 605]
Event: 9.022 Thread 0x0000020858e4d000 Exception <a 'java/lang/ArrayIndexOutOfBoundsException'> (0x000000078e5d9498) thrown at [C:\jenkins\workspace\8-2-build-windows-amd64-cygwin\jdk8u261\295\hotspot\src\share\vm\runtime\sharedRuntime.cpp, line 605]
Event: 9.038 Thread 0x0000020858e4d000 Exception <a 'java/lang/ClassNotFoundException': java/lang/ObjectCustomizer> (0x000000078e6e3508) thrown at [C:\jenkins\workspace\8-2-build-windows-amd64-cygwin\jdk8u261\295\hotspot\src\share\vm\classfile\systemDictionary.cpp, line 210]
Event: 9.039 Thread 0x0000020858e4d000 Exception <a 'java/lang/ClassNotFoundException': com/rewrite/entity/VolunteerDetailCustomizer> (0x000000078e6f7650) thrown at [C:\jenkins\workspace\8-2-build-windows-amd64-cygwin\jdk8u261\295\hotspot\src\share\vm\classfile\systemDictionary.cpp, line 210]
Event: 9.090 Thread 0x0000020858e4d000 Exception <a 'java/lang/ArrayIndexOutOfBoundsException'> (0x000000078eb24ca8) thrown at [C:\jenkins\workspace\8-2-build-windows-amd64-cygwin\jdk8u261\295\hotspot\src\share\vm\runtime\sharedRuntime.cpp, line 605]
Event: 9.090 Thread 0x0000020858e4d000 Exception <a 'java/lang/ArrayIndexOutOfBoundsException'> (0x000000078eb27028) thrown at [C:\jenkins\workspace\8-2-build-windows-amd64-cygwin\jdk8u261\295\hotspot\src\share\vm\runtime\sharedRuntime.cpp, line 605]
Event: 9.093 Thread 0x0000020858e4d000 Exception <a 'java/lang/ArrayIndexOutOfBoundsException'> (0x000000078eb41510) thrown at [C:\jenkins\workspace\8-2-build-windows-amd64-cygwin\jdk8u261\295\hotspot\src\share\vm\runtime\sharedRuntime.cpp, line 605]
Event: 14.262 Thread 0x0000020873f09800 Exception <a 'java/lang/ArrayIndexOutOfBoundsException'> (0x000000078ffe0c00) thrown at [C:\jenkins\workspace\8-2-build-windows-amd64-cygwin\jdk8u261\295\hotspot\src\share\vm\runtime\sharedRuntime.cpp, line 605]

Events (10 events):
Event: 21.022 Executing VM operation: GetCurrentLocation
Event: 21.022 Executing VM operation: GetCurrentLocation done
Event: 21.022 Executing VM operation: ChangeSingleStep
Event: 21.022 Executing VM operation: ChangeSingleStep done
Event: 21.022 Executing VM operation: GetCurrentContendedMonitor
Event: 21.023 Executing VM operation: GetCurrentContendedMonitor done
Event: 21.023 Executing VM operation: GetOwnedMonitorInfo
Event: 21.023 Executing VM operation: GetOwnedMonitorInfo done
Event: 21.026 Executing VM operation: ChangeSingleStep
Event: 21.026 Executing VM operation: ChangeSingleStep done


Dynamic libraries:
0x00007ff61c760000 - 0x00007ff61c7a7000 	C:\Program Files\Java\jdk1.8.0_261\bin\javaw.exe
0x00007ff94dba0000 - 0x00007ff94dd90000 	C:\Windows\SYSTEM32\ntdll.dll
0x00007ff94d310000 - 0x00007ff94d3c2000 	C:\Windows\System32\KERNEL32.DLL
0x00007ff94b110000 - 0x00007ff94b3b5000 	C:\Windows\System32\KERNELBASE.dll
0x00007ff94d260000 - 0x00007ff94d303000 	C:\Windows\System32\ADVAPI32.dll
0x00007ff94bc50000 - 0x00007ff94bcee000 	C:\Windows\System32\msvcrt.dll
0x00007ff94c430000 - 0x00007ff94c4c7000 	C:\Windows\System32\sechost.dll
0x00007ff94c2b0000 - 0x00007ff94c3d0000 	C:\Windows\System32\RPCRT4.dll
0x00007ff94cf00000 - 0x00007ff94d094000 	C:\Windows\System32\USER32.dll
0x00007ff94ab50000 - 0x00007ff94ab71000 	C:\Windows\System32\win32u.dll
0x00007ff94c4d0000 - 0x00007ff94c4f6000 	C:\Windows\System32\GDI32.dll
0x00007ff94ae80000 - 0x00007ff94b016000 	C:\Windows\System32\gdi32full.dll
0x00007ff94b020000 - 0x00007ff94b0be000 	C:\Windows\System32\msvcp_win.dll
0x00007ff94b3c0000 - 0x00007ff94b4ba000 	C:\Windows\System32\ucrtbase.dll
0x00007ff949d00000 - 0x00007ff949f84000 	C:\Windows\WinSxS\amd64_microsoft.windows.common-controls_6595b64144ccf1df_6.0.18362.1198_none_9e820b57e45ad92f\COMCTL32.dll
0x00007ff94bf10000 - 0x00007ff94c245000 	C:\Windows\System32\combase.dll
0x00007ff94ada0000 - 0x00007ff94ae20000 	C:\Windows\System32\bcryptPrimitives.dll
0x00007ff94d6c0000 - 0x00007ff94d6ee000 	C:\Windows\System32\IMM32.DLL
0x00007ff92dc10000 - 0x00007ff92dc25000 	C:\Program Files\Java\jdk1.8.0_261\jre\bin\vcruntime140.dll
0x00007ff90f330000 - 0x00007ff90f3cb000 	C:\Program Files\Java\jdk1.8.0_261\jre\bin\msvcp140.dll
0x000000006ff50000 - 0x00000000707bc000 	C:\Program Files\Java\jdk1.8.0_261\jre\bin\server\jvm.dll
0x00007ff94d6b0000 - 0x00007ff94d6b8000 	C:\Windows\System32\PSAPI.DLL
0x00007ff936010000 - 0x00007ff936019000 	C:\Windows\SYSTEM32\WSOCK32.dll
0x00007ff947870000 - 0x00007ff947894000 	C:\Windows\SYSTEM32\WINMM.dll
0x00007ff94bea0000 - 0x00007ff94bf0f000 	C:\Windows\System32\WS2_32.dll
0x00007ff945a70000 - 0x00007ff945a7a000 	C:\Windows\SYSTEM32\VERSION.dll
0x00007ff947840000 - 0x00007ff94786d000 	C:\Windows\SYSTEM32\WINMMBASE.dll
0x00007ff94b0c0000 - 0x00007ff94b10a000 	C:\Windows\System32\cfgmgr32.dll
0x00007ff94aa60000 - 0x00007ff94aa71000 	C:\Windows\System32\kernel.appcore.dll
0x00007ff948e10000 - 0x00007ff948e20000 	C:\Program Files\Java\jdk1.8.0_261\jre\bin\verify.dll
0x00007ff93b6b0000 - 0x00007ff93b6db000 	C:\Program Files\Java\jdk1.8.0_261\jre\bin\java.dll
0x00007ff91ef10000 - 0x00007ff91ef46000 	C:\Program Files\Java\jdk1.8.0_261\jre\bin\jdwp.dll
0x00007ff93bc60000 - 0x00007ff93bc69000 	C:\Program Files\Java\jdk1.8.0_261\jre\bin\npt.dll
0x00007ff91eed0000 - 0x00007ff91ef02000 	C:\Program Files\Java\jdk1.8.0_261\jre\bin\instrument.dll
0x00007ff948bc0000 - 0x00007ff948bd8000 	C:\Program Files\Java\jdk1.8.0_261\jre\bin\zip.dll
0x00007ff94c6e0000 - 0x00007ff94cdc7000 	C:\Windows\System32\SHELL32.dll
0x00007ff94d450000 - 0x00007ff94d4f9000 	C:\Windows\System32\shcore.dll
0x00007ff94b4c0000 - 0x00007ff94bc41000 	C:\Windows\System32\windows.storage.dll
0x00007ff94aaf0000 - 0x00007ff94ab13000 	C:\Windows\System32\profapi.dll
0x00007ff94aaa0000 - 0x00007ff94aaea000 	C:\Windows\System32\powrprof.dll
0x00007ff94aa50000 - 0x00007ff94aa60000 	C:\Windows\System32\UMPDC.dll
0x00007ff94c250000 - 0x00007ff94c2a2000 	C:\Windows\System32\shlwapi.dll
0x00007ff94ac30000 - 0x00007ff94ac47000 	C:\Windows\System32\cryptsp.dll
0x00007ff93b6a0000 - 0x00007ff93b6aa000 	C:\Program Files\Java\jdk1.8.0_261\jre\bin\dt_socket.dll
0x00007ff92a3d0000 - 0x00007ff92a3e6000 	C:\Windows\system32\napinsp.dll
0x00007ff92a3b0000 - 0x00007ff92a3ca000 	C:\Windows\system32\pnrpnsp.dll
0x00007ff949c40000 - 0x00007ff949ca7000 	C:\Windows\System32\mswsock.dll
0x00007ff949990000 - 0x00007ff949a5b000 	C:\Windows\SYSTEM32\DNSAPI.dll
0x00007ff94be90000 - 0x00007ff94be98000 	C:\Windows\System32\NSI.dll
0x00007ff949950000 - 0x00007ff94998a000 	C:\Windows\SYSTEM32\IPHLPAPI.DLL
0x00007ff92a3a0000 - 0x00007ff92a3ae000 	C:\Windows\System32\winrnr.dll
0x00007ff946540000 - 0x00007ff94655c000 	C:\Windows\system32\NLAapi.dll
0x00007ff943630000 - 0x00007ff943645000 	C:\Windows\system32\wshbth.dll
0x00007ff941ed0000 - 0x00007ff941f47000 	C:\Windows\System32\fwpuclnt.dll
0x00007ff94ab20000 - 0x00007ff94ab46000 	C:\Windows\System32\bcrypt.dll
0x00007ff93bc40000 - 0x00007ff93bc4a000 	C:\Windows\System32\rasadhlp.dll
0x00007ff948c40000 - 0x00007ff948c4d000 	C:\Program Files\Java\jdk1.8.0_261\jre\bin\management.dll
0x00007ff92e950000 - 0x00007ff92e96c000 	C:\Program Files\Java\jdk1.8.0_261\jre\bin\net.dll
0x00007ff92e3a0000 - 0x00007ff92e3b3000 	C:\Program Files\Java\jdk1.8.0_261\jre\bin\nio.dll
0x00007ff949830000 - 0x00007ff949863000 	C:\Windows\system32\rsaenh.dll
0x00007ff94a970000 - 0x00007ff94a995000 	C:\Windows\SYSTEM32\USERENV.dll
0x00007ff94a0a0000 - 0x00007ff94a0ac000 	C:\Windows\SYSTEM32\CRYPTBASE.dll
0x00007ff942030000 - 0x00007ff942046000 	C:\Windows\SYSTEM32\dhcpcsvc6.DLL
0x00007ff942700000 - 0x00007ff94271c000 	C:\Windows\SYSTEM32\dhcpcsvc.DLL
0x0000000180000000 - 0x000000018000b000 	C:\Windows\System32\jnisgfplib.dll
0x0000000070930000 - 0x00000000709d3000 	C:\Windows\WinSxS\amd64_microsoft.vc90.crt_1fc8b3b9a1e18e3b_9.0.30729.9619_none_08e065a3a84109b0\MSVCR90.dll
0x00007ff91ee90000 - 0x00007ff91eecc000 	C:\Windows\SYSTEM32\sgfplib.dll
0x00007ff94d6f0000 - 0x00007ff94db60000 	C:\Windows\System32\SETUPAPI.dll
0x00007ff91ee70000 - 0x00007ff91ee88000 	C:\Windows\SYSTEM32\sgwsqlib.dll
0x00007ff94a2f0000 - 0x00007ff94a4e4000 	C:\Windows\SYSTEM32\dbghelp.dll

VM Arguments:
jvm_args: -agentlib:jdwp=transport=dt_socket,suspend=y,address=localhost:51401 -Dcom.sun.management.jmxremote -Dcom.sun.management.jmxremote.port=51400 -Dcom.sun.management.jmxremote.authenticate=false -Dcom.sun.management.jmxremote.ssl=false -Djava.rmi.server.hostname=localhost -Dspring.jmx.enabled=true -Dspring.application.admin.enabled=true -Xverify:none -XX:TieredStopAtLevel=1 -Dspring.boot.project.name=rewrite -javaagent:C:\Users\vjcwo\Downloads\spring-tool-suite-4-4.7.2.RELEASE-e4.16.0-win32.win32.x86_64.self-extracting\contents\sts-4.7.2.RELEASE\configuration\org.eclipse.osgi\265\0\.cp\lib\javaagent-shaded.jar -Dfile.encoding=UTF-8 
java_command: com.rewrite.RewriteApplication --spring.output.ansi.enabled=always
java_class_path (initial): C:\Users\vjcwo\OneDrive\Desktop\Re-Write\Re-Write-Back\target\classes;C:\Users\vjcwo\Downloads\Compressed\FDx SDK Pro for Windows v4.03_J1.12\FDx SDK Pro for Windows v4.03_J1.12\FDx SDK Pro for Java 1.12\FDxSDKPro.jar;C:\Users\vjcwo\.m2\repository\org\springframework\boot\spring-boot-starter-data-jpa\2.4.0\spring-boot-starter-data-jpa-2.4.0.jar;C:\Users\vjcwo\.m2\repository\org\springframework\boot\spring-boot-starter-aop\2.4.0\spring-boot-starter-aop-2.4.0.jar;C:\Users\vjcwo\.m2\repository\org\springframework\spring-aop\5.3.1\spring-aop-5.3.1.jar;C:\Users\vjcwo\.m2\repository\org\aspectj\aspectjweaver\1.9.6\aspectjweaver-1.9.6.jar;C:\Users\vjcwo\.m2\repository\org\springframework\boot\spring-boot-starter-jdbc\2.4.0\spring-boot-starter-jdbc-2.4.0.jar;C:\Users\vjcwo\.m2\repository\com\zaxxer\HikariCP\3.4.5\HikariCP-3.4.5.jar;C:\Users\vjcwo\.m2\repository\org\springframework\spring-jdbc\5.3.1\spring-jdbc-5.3.1.jar;C:\Users\vjcwo\.m2\repository\jakarta\transaction\jakarta.transaction-api\1.3.3\jakarta.transaction-api-1.3.3.jar;C:\Users\vjcwo\.m2\repository\jakarta\persistence\jakarta.persistence-api\2.2.3\jakarta.persistence-api-2.2.3.jar;C:\Users\vjcwo\.m2\repository\org\hibernate\hibernate-core\5.4.23.Final\hibernate-core-5.4.23.Final.jar;C:\Users\vjcwo\.m2\repository\org\jboss\logging\jboss-logging\3.4.1.Final\jboss-logging-3.4.1.Final.jar;C:\Users\vjcwo\.m2\repository\org\javassist\javassist\3.24.0-GA\javassist-3.24.0-GA.jar;C:\Users\vjcwo\.m2\repository\net\bytebuddy\byte-buddy\1.10.18\byte-buddy-1.10.18.jar;C:\Users\vjcwo\.m2\repository\antlr\antlr\2.7.7\antlr-2.7.7.jar;C:\Users\vjcwo\.m2\repository\org\jboss\jandex\2.1.3.Final\jandex-2.1.3.Final.jar;C:\Users\vjcwo\.m2\repository\com\fasterxml\classmate\1.5.1\classmate-1.5.1.jar;C:\Users\vjcwo\.m2\repository\org\dom4j\dom4j\2.1.3\dom4j-2.1.3.jar;C:\Users\vjcwo\.m2\repository\org\hibernate\common\hibernate-commons-annotations\5.1.2.Final\hibernate-commons-annotations-5.1.2.Final.jar;C:
Launcher Type: SUN_STANDARD

Environment Variables:
JAVA_HOME=C:\Program Files\Java\jdk1.8.0_261
PATH=C:\Program Files\Java\jdk1.8.0_261\jre\bin;C:/Program Files/Java/jdk1.8.0_261/bin/../jre/bin/server;C:/Program Files/Java/jdk1.8.0_261/bin/../jre/bin;C:/Program Files/Java/jdk1.8.0_261/bin/../jre/lib/amd64;C:\Windows\system32;C:\Windows;C:\Windows\System32\Wbem;C:\Windows\System32\WindowsPowerShell\v1.0\;C:\Windows\System32\OpenSSH\;C:\ProgramData\chocolatey\bin;C:\Program Files\Java\jdk1.8.0_261\bin;C:\Program Files\Git\cmd;C:\Program Files\nodejs\;C:\Program Files\PostgreSQL\12\bin;C:\Program Files\PostgreSQL\12\lib;C:\Users\vjcwo\AppData\Local\Microsoft\WindowsApps;C:\Users\vjcwo\AppData\Local\Programs\Microsoft VS Code\bin;C:\Program Files\Java\jdk-14.0.2\bin;C:\Program Files\Java\jdk1.8.0_261\bin;C:\Users\vjcwo\AppData\Roaming\npm;C:\Users\vjcwo\Downloads\spring-tool-suite-4-4.7.2.RELEASE-e4.16.0-win32.win32.x86_64.self-extracting\contents\sts-4.7.2.RELEASE;
USERNAME=vjcwo
OS=Windows_NT
PROCESSOR_IDENTIFIER=Intel64 Family 6 Model 42 Stepping 7, GenuineIntel



---------------  S Y S T E M  ---------------

OS: Windows 10.0 , 64 bit Build 18362 (10.0.18362.1110)

CPU:total 4 (initial active 4) (2 cores per cpu, 2 threads per core) family 6 model 42 stepping 7, cmov, cx8, fxsr, mmx, sse, sse2, sse3, ssse3, sse4.1, sse4.2, popcnt, avx, aes, clmul, ht, tsc, tscinvbit

Memory: 4k page, physical 12476184k(4023680k free), swap 14442264k(2217596k free)

vm_info: Java HotSpot(TM) 64-Bit Server VM (25.261-b12) for windows-amd64 JRE (1.8.0_261-b12), built on Jun 18 2020 06:56:32 by "" with unknown MS VC++:1916

time: Sat Nov 28 22:58:19 2020
timezone: India Standard Time
elapsed time: 21 seconds (0d 0h 0m 21s)

